0 info it worked if it ends with ok
1 verbose cli [ '/usr/bin/node', '/usr/bin/npm', 'start' ]
2 info using npm@3.5.2
3 info using node@v8.10.0
4 verbose run-script [ 'prestart', 'start', 'poststart' ]
5 info lifecycle react-sample@1.0.0~prestart: react-sample@1.0.0
6 silly lifecycle react-sample@1.0.0~prestart: no script for prestart, continuing
7 info lifecycle react-sample@1.0.0~start: react-sample@1.0.0
8 verbose lifecycle react-sample@1.0.0~start: unsafe-perm in lifecycle true
9 verbose lifecycle react-sample@1.0.0~start: PATH: /usr/share/npm/bin/node-gyp-bin:/mnt/c/Users/AucMa1633485/Desktop/ReactPlayground/node_modules/.bin:/usr/local/sbin:/usr/local/bin:/usr/sbin:/usr/bin:/sbin:/bin:/usr/games:/usr/local/games:/mnt/c/Program Files (x86)/Common Files/Oracle/Java/javapath_target_3722890:/mnt/c/ProgramData/Oracle/Java/javapath_target_3321640:/mnt/c/Windows/System32:/mnt/c/Windows:/mnt/c/Windows/System32/wbem:/mnt/c/Windows/System32/WindowsPowerShell/v1.0:/mnt/c/Program Files/Microsoft SQL Server/130/Tools/Binn:/mnt/c/Program Files/dotnet:/mnt/c/Program Files (x86)/Microsoft SQL Server/Client SDK/ODBC/130/Tools/Binn:/mnt/c/Program Files (x86)/Microsoft SQL Server/130/Tools/Binn:/mnt/c/Program Files (x86)/Microsoft SQL Server/130/DTS/Binn:/mnt/c/Program Files (x86)/Microsoft SQL Server/130/Tools/Binn/ManagementStudio:/mnt/c/ProgramData/chocolatey/bin:/mnt/c/Program Files/Git/cmd:/mnt/c/Program Files/OpenSSH-Win64:/mnt/c/Users/AucMa1633485/AppData/Local/Microsoft/WindowsApps
10 verbose lifecycle react-sample@1.0.0~start: CWD: /mnt/c/Users/AucMa1633485/Desktop/ReactPlayground
11 silly lifecycle react-sample@1.0.0~start: Args: [ '-c', 'react-scripts start' ]
12 silly lifecycle react-sample@1.0.0~start: Returned: code: 1  signal: null
13 info lifecycle react-sample@1.0.0~start: Failed to exec start script
14 verbose stack Error: react-sample@1.0.0 start: `react-scripts start`
14 verbose stack Exit status 1
14 verbose stack     at EventEmitter.<anonymous> (/usr/share/npm/lib/utils/lifecycle.js:232:16)
14 verbose stack     at emitTwo (events.js:126:13)
14 verbose stack     at EventEmitter.emit (events.js:214:7)
14 verbose stack     at ChildProcess.<anonymous> (/usr/share/npm/lib/utils/spawn.js:24:14)
14 verbose stack     at emitTwo (events.js:126:13)
14 verbose stack     at ChildProcess.emit (events.js:214:7)
14 verbose stack     at maybeClose (internal/child_process.js:925:16)
14 verbose stack     at Process.ChildProcess._handle.onexit (internal/child_process.js:209:5)
15 verbose pkgid react-sample@1.0.0
16 verbose cwd /mnt/c/Users/AucMa1633485/Desktop/ReactPlayground
17 error Linux 4.4.0-43-Microsoft
18 error argv "/usr/bin/node" "/usr/bin/npm" "start"
19 error node v8.10.0
20 error npm  v3.5.2
21 error code ELIFECYCLE
22 error react-sample@1.0.0 start: `react-scripts start`
22 error Exit status 1
23 error Failed at the react-sample@1.0.0 start script 'react-scripts start'.
23 error Make sure you have the latest version of node.js and npm installed.
23 error If you do, this is most likely a problem with the react-sample package,
23 error not with npm itself.
23 error Tell the author that this fails on your system:
23 error     react-scripts start
23 error You can get information on how to open an issue for this project with:
23 error     npm bugs react-sample
23 error Or if that isn't available, you can get their info via:
23 error     npm owner ls react-sample
23 error There is likely additional logging output above.
24 verbose exit [ 1, true ]
